Build started 27/06/2017 05:02:29 p.m..
     1>Project "C:\Users\L30nardoSV\Desktop\ocladock-final\win\ocladock-win\ocladock-win.vcxproj" on node 2 (Rebuild target(s)).
     1>ClCompile:
         D:\VisualStudioUltimate2013\VC\bin\x86_amd64\CL.exe /c /I"C:\Program Files (x86)\Intel\OpenCL SDK\6.3\\include" /I..\..\common /I..\..\host\inc /I..\..\wrapcl\inc /Zi /nologo /W3 /WX- /Od /D WIN32 /D _DEBUG /D _CONSOLE /D _LIB /D CPU_DEVICE /D "KRNL_SOURCE=\"..\\..\\device\\calcenergy.cl\"" /D "KRNL_DIRECTORY=\"..\\..\\device\"" /D "KCMN_DIRECTORY=\"..\\..\\common\"" /D "K1=\"gpu_calc_initpop\"" /D "K2=\"gpu_sum_evals\"" /D "K3=\"perform_LS\"" /D "K4=\"gpu_gen_and_eval_newpops\"" /D N16WI /D _UNICODE /D UNICODE /Gm /EHsc /RTC1 /MDd /GS /fp:precise /Zc:wchar_t /Zc:forScope /Fo"x64\ocladock-cpu-deb\\" /Fd"x64\ocladock-cpu-deb\vc120.pdb" /Gd /TP /errorReport:prompt ..\..\host\src\calcenergy.cpp ..\..\host\src\getparameters.cpp ..\..\host\src\main.cpp ..\..\host\src\miscellaneous.cpp ..\..\host\src\performdocking.cpp ..\..\host\src\processgrid.cpp ..\..\host\src\processligand.cpp ..\..\host\src\processresult.cpp ..\..\wrapcl\src\BufferObjects.cpp ..\..\wrapcl\src\CommandQueues.cpp ..\..\wrapcl\src\Contexts.cpp ..\..\wrapcl\src\Devices.cpp ..\..\wrapcl\src\ImportBinary.cpp ..\..\wrapcl\src\ImportSource.cpp ..\..\wrapcl\src\Kernels.cpp ..\..\wrapcl\src\listAttributes.cpp ..\..\wrapcl\src\Platforms.cpp ..\..\wrapcl\src\Programs.cpp
         Programs.cpp
         Platforms.cpp
         listAttributes.cpp
         Kernels.cpp
         ImportSource.cpp
     1>..\..\wrapcl\src\ImportSource.cpp(109): warning C4996: 'fopen': This function or variable may be unsafe. Consider using fopen_s instead. To disable deprecation, use _CRT_SECURE_NO_WARNINGS. See online help for details.
                 D:\VisualStudioUltimate2013\VC\include\stdio.h(211) : see declaration of 'fopen'
         ImportBinary.cpp
     1>..\..\wrapcl\src\ImportBinary.cpp(6): warning C4996: 'fopen': This function or variable may be unsafe. Consider using fopen_s instead. To disable deprecation, use _CRT_SECURE_NO_WARNINGS. See online help for details.
                 D:\VisualStudioUltimate2013\VC\include\stdio.h(211) : see declaration of 'fopen'
     1>..\..\wrapcl\src\ImportBinary.cpp(23): warning C4267: 'return' : conversion from 'size_t' to 'int', possible loss of data
         Devices.cpp
         Contexts.cpp
         CommandQueues.cpp
     1>..\..\wrapcl\src\CommandQueues.cpp(45): warning C4996: 'clCreateCommandQueue': was declared deprecated
                 C:\Program Files (x86)\Intel\OpenCL SDK\6.3\include\CL/cl.h(1428) : see declaration of 'clCreateCommandQueue'
         BufferObjects.cpp
         processresult.cpp
     1>..\..\host\src\processresult.cpp(113): warning C4996: 'strncpy': This function or variable may be unsafe. Consider using strncpy_s instead. To disable deprecation, use _CRT_SECURE_NO_WARNINGS. See online help for details.
                 D:\VisualStudioUltimate2013\VC\include\string.h(195) : see declaration of 'strncpy'
     1>..\..\host\src\processresult.cpp(200): warning C4996: 'strncpy': This function or variable may be unsafe. Consider using strncpy_s instead. To disable deprecation, use _CRT_SECURE_NO_WARNINGS. See online help for details.
                 D:\VisualStudioUltimate2013\VC\include\string.h(195) : see declaration of 'strncpy'
     1>..\..\host\src\processresult.cpp(241): warning C4305: 'initializing' : truncation from '__int64' to 'float'
     1>..\..\host\src\processresult.cpp(246): warning C4996: 'sprintf': This function or variable may be unsafe. Consider using sprintf_s instead. To disable deprecation, use _CRT_SECURE_NO_WARNINGS. See online help for details.
                 D:\VisualStudioUltimate2013\VC\include\stdio.h(356) : see declaration of 'sprintf'
     1>..\..\host\src\processresult.cpp(252): warning C4996: 'fopen': This function or variable may be unsafe. Consider using fopen_s instead. To disable deprecation, use _CRT_SECURE_NO_WARNINGS. See online help for details.
                 D:\VisualStudioUltimate2013\VC\include\stdio.h(211) : see declaration of 'fopen'
     1>..\..\host\src\processresult.cpp(266): warning C4996: 'strcpy': This function or variable may be unsafe. Consider using strcpy_s instead. To disable deprecation, use _CRT_SECURE_NO_WARNINGS. See online help for details.
                 D:\VisualStudioUltimate2013\VC\include\string.h(112) : see declaration of 'strcpy'
     1>..\..\host\src\processresult.cpp(290): warning C4244: 'argument' : conversion from 'const double' to 'const float', possible loss of data
     1>..\..\host\src\processresult.cpp(302): warning C4244: '=' : conversion from 'double' to 'float', possible loss of data
     1>..\..\host\src\processresult.cpp(318): warning C4996: 'sprintf': This function or variable may be unsafe. Consider using sprintf_s instead. To disable deprecation, use _CRT_SECURE_NO_WARNINGS. See online help for details.
                 D:\VisualStudioUltimate2013\VC\include\stdio.h(356) : see declaration of 'sprintf'
     1>..\..\host\src\processresult.cpp(239): warning C4101: 'temp_genotype' : unreferenced local variable
     1>..\..\host\src\processresult.cpp(420): warning C4244: '=' : conversion from 'double' to 'float', possible loss of data
     1>..\..\host\src\processresult.cpp(453): warning C4996: 'fopen': This function or variable may be unsafe. Consider using fopen_s instead. To disable deprecation, use _CRT_SECURE_NO_WARNINGS. See online help for details.
                 D:\VisualStudioUltimate2013\VC\include\stdio.h(211) : see declaration of 'fopen'
     1>..\..\host\src\processresult.cpp(536): warning C4996: 'strcpy': This function or variable may be unsafe. Consider using strcpy_s instead. To disable deprecation, use _CRT_SECURE_NO_WARNINGS. See online help for details.
                 D:\VisualStudioUltimate2013\VC\include\string.h(112) : see declaration of 'strcpy'
     1>..\..\host\src\processresult.cpp(537): warning C4996: 'strcat': This function or variable may be unsafe. Consider using strcat_s instead. To disable deprecation, use _CRT_SECURE_NO_WARNINGS. See online help for details.
                 D:\VisualStudioUltimate2013\VC\include\string.h(118) : see declaration of 'strcat'
     1>..\..\host\src\processresult.cpp(538): warning C4996: 'fopen': This function or variable may be unsafe. Consider using fopen_s instead. To disable deprecation, use _CRT_SECURE_NO_WARNINGS. See online help for details.
                 D:\VisualStudioUltimate2013\VC\include\stdio.h(211) : see declaration of 'fopen'
     1>..\..\host\src\processresult.cpp(550): warning C4996: 'fopen': This function or variable may be unsafe. Consider using fopen_s instead. To disable deprecation, use _CRT_SECURE_NO_WARNINGS. See online help for details.
                 D:\VisualStudioUltimate2013\VC\include\stdio.h(211) : see declaration of 'fopen'
     1>..\..\host\src\processresult.cpp(608): warning C4996: 'fopen': This function or variable may be unsafe. Consider using fopen_s instead. To disable deprecation, use _CRT_SECURE_NO_WARNINGS. See online help for details.
                 D:\VisualStudioUltimate2013\VC\include\stdio.h(211) : see declaration of 'fopen'
     1>..\..\host\src\processresult.cpp(685): warning C4244: '=' : conversion from 'double' to 'float', possible loss of data
     1>..\..\host\src\processresult.cpp(788): warning C4996: 'strcpy': This function or variable may be unsafe. Consider using strcpy_s instead. To disable deprecation, use _CRT_SECURE_NO_WARNINGS. See online help for details.
                 D:\VisualStudioUltimate2013\VC\include\string.h(112) : see declaration of 'strcpy'
     1>..\..\host\src\processresult.cpp(789): warning C4996: 'strcat': This function or variable may be unsafe. Consider using strcat_s instead. To disable deprecation, use _CRT_SECURE_NO_WARNINGS. See online help for details.
                 D:\VisualStudioUltimate2013\VC\include\string.h(118) : see declaration of 'strcat'
     1>..\..\host\src\processresult.cpp(790): warning C4996: 'fopen': This function or variable may be unsafe. Consider using fopen_s instead. To disable deprecation, use _CRT_SECURE_NO_WARNINGS. See online help for details.
                 D:\VisualStudioUltimate2013\VC\include\stdio.h(211) : see declaration of 'fopen'
         processligand.cpp
     1>..\..\host\src\processligand.cpp(28): warning C4996: 'fopen': This function or variable may be unsafe. Consider using fopen_s instead. To disable deprecation, use _CRT_SECURE_NO_WARNINGS. See online help for details.
                 D:\VisualStudioUltimate2013\VC\include\stdio.h(211) : see declaration of 'fopen'
     1>..\..\host\src\processligand.cpp(38): warning C4996: 'fscanf': This function or variable may be unsafe. Consider using fscanf_s instead. To disable deprecation, use _CRT_SECURE_NO_WARNINGS. See online help for details.
                 D:\VisualStudioUltimate2013\VC\include\stdio.h(230) : see declaration of 'fscanf'
     1>..\..\host\src\processligand.cpp(48): warning C4996: 'fscanf': This function or variable may be unsafe. Consider using fscanf_s instead. To disable deprecation, use _CRT_SECURE_NO_WARNINGS. See online help for details.
                 D:\VisualStudioUltimate2013\VC\include\stdio.h(230) : see declaration of 'fscanf'
     1>..\..\host\src\processligand.cpp(49): warning C4996: 'fscanf': This function or variable may be unsafe. Consider using fscanf_s instead. To disable deprecation, use _CRT_SECURE_NO_WARNINGS. See online help for details.
                 D:\VisualStudioUltimate2013\VC\include\stdio.h(230) : see declaration of 'fscanf'
     1>..\..\host\src\processligand.cpp(50): warning C4996: 'fscanf': This function or variable may be unsafe. Consider using fscanf_s instead. To disable deprecation, use _CRT_SECURE_NO_WARNINGS. See online help for details.
                 D:\VisualStudioUltimate2013\VC\include\stdio.h(230) : see declaration of 'fscanf'
     1>..\..\host\src\processligand.cpp(51): warning C4996: 'fscanf': This function or variable may be unsafe. Consider using fscanf_s instead. To disable deprecation, use _CRT_SECURE_NO_WARNINGS. See online help for details.
                 D:\VisualStudioUltimate2013\VC\include\stdio.h(230) : see declaration of 'fscanf'
     1>..\..\host\src\processligand.cpp(52): warning C4996: 'fscanf': This function or variable may be unsafe. Consider using fscanf_s instead. To disable deprecation, use _CRT_SECURE_NO_WARNINGS. See online help for details.
                 D:\VisualStudioUltimate2013\VC\include\stdio.h(230) : see declaration of 'fscanf'
     1>..\..\host\src\processligand.cpp(53): warning C4996: 'fscanf': This function or variable may be unsafe. Consider using fscanf_s instead. To disable deprecation, use _CRT_SECURE_NO_WARNINGS. See online help for details.
                 D:\VisualStudioUltimate2013\VC\include\stdio.h(230) : see declaration of 'fscanf'
     1>..\..\host\src\processligand.cpp(54): warning C4996: 'fscanf': This function or variable may be unsafe. Consider using fscanf_s instead. To disable deprecation, use _CRT_SECURE_NO_WARNINGS. See online help for details.
                 D:\VisualStudioUltimate2013\VC\include\stdio.h(230) : see declaration of 'fscanf'
     1>..\..\host\src\processligand.cpp(73): warning C4996: 'strcpy': This function or variable may be unsafe. Consider using strcpy_s instead. To disable deprecation, use _CRT_SECURE_NO_WARNINGS. See online help for details.
                 D:\VisualStudioUltimate2013\VC\include\string.h(112) : see declaration of 'strcpy'
     1>..\..\host\src\processligand.cpp(85): warning C4996: 'strcpy': This function or variable may be unsafe. Consider using strcpy_s instead. To disable deprecation, use _CRT_SECURE_NO_WARNINGS. See online help for details.
                 D:\VisualStudioUltimate2013\VC\include\string.h(112) : see declaration of 'strcpy'
     1>..\..\host\src\processligand.cpp(86): warning C4996: 'strcpy': This function or variable may be unsafe. Consider using strcpy_s instead. To disable deprecation, use _CRT_SECURE_NO_WARNINGS. See online help for details.
                 D:\VisualStudioUltimate2013\VC\include\string.h(112) : see declaration of 'strcpy'
     1>..\..\host\src\processligand.cpp(90): warning C4996: 'strcpy': This function or variable may be unsafe. Consider using strcpy_s instead. To disable deprecation, use _CRT_SECURE_NO_WARNINGS. See online help for details.
                 D:\VisualStudioUltimate2013\VC\include\string.h(112) : see declaration of 'strcpy'
     1>..\..\host\src\processligand.cpp(91): warning C4996: 'strcpy': This function or variable may be unsafe. Consider using strcpy_s instead. To disable deprecation, use _CRT_SECURE_NO_WARNINGS. See online help for details.
                 D:\VisualStudioUltimate2013\VC\include\string.h(112) : see declaration of 'strcpy'
     1>..\..\host\src\processligand.cpp(312): warning C4996: 'strcpy': This function or variable may be unsafe. Consider using strcpy_s instead. To disable deprecation, use _CRT_SECURE_NO_WARNINGS. See online help for details.
                 D:\VisualStudioUltimate2013\VC\include\string.h(112) : see declaration of 'strcpy'
     1>..\..\host\src\processligand.cpp(313): warning C4996: 'strcpy': This function or variable may be unsafe. Consider using strcpy_s instead. To disable deprecation, use _CRT_SECURE_NO_WARNINGS. See online help for details.
                 D:\VisualStudioUltimate2013\VC\include\string.h(112) : see declaration of 'strcpy'
     1>..\..\host\src\processligand.cpp(314): warning C4996: 'strcpy': This function or variable may be unsafe. Consider using strcpy_s instead. To disable deprecation, use _CRT_SECURE_NO_WARNINGS. See online help for details.
                 D:\VisualStudioUltimate2013\VC\include\string.h(112) : see declaration of 'strcpy'
     1>..\..\host\src\processligand.cpp(315): warning C4996: 'strcpy': This function or variable may be unsafe. Consider using strcpy_s instead. To disable deprecation, use _CRT_SECURE_NO_WARNINGS. See online help for details.
                 D:\VisualStudioUltimate2013\VC\include\string.h(112) : see declaration of 'strcpy'
     1>..\..\host\src\processligand.cpp(316): warning C4996: 'strcpy': This function or variable may be unsafe. Consider using strcpy_s instead. To disable deprecation, use _CRT_SECURE_NO_WARNINGS. See online help for details.
                 D:\VisualStudioUltimate2013\VC\include\string.h(112) : see declaration of 'strcpy'
     1>..\..\host\src\processligand.cpp(317): warning C4996: 'strcpy': This function or variable may be unsafe. Consider using strcpy_s instead. To disable deprecation, use _CRT_SECURE_NO_WARNINGS. See online help for details.
                 D:\VisualStudioUltimate2013\VC\include\string.h(112) : see declaration of 'strcpy'
     1>..\..\host\src\processligand.cpp(318): warning C4996: 'strcpy': This function or variable may be unsafe. Consider using strcpy_s instead. To disable deprecation, use _CRT_SECURE_NO_WARNINGS. See online help for details.
                 D:\VisualStudioUltimate2013\VC\include\string.h(112) : see declaration of 'strcpy'
     1>..\..\host\src\processligand.cpp(319): warning C4996: 'strcpy': This function or variable may be unsafe. Consider using strcpy_s instead. To disable deprecation, use _CRT_SECURE_NO_WARNINGS. See online help for details.
                 D:\VisualStudioUltimate2013\VC\include\string.h(112) : see declaration of 'strcpy'
     1>..\..\host\src\processligand.cpp(320): warning C4996: 'strcpy': This function or variable may be unsafe. Consider using strcpy_s instead. To disable deprecation, use _CRT_SECURE_NO_WARNINGS. See online help for details.
                 D:\VisualStudioUltimate2013\VC\include\string.h(112) : see declaration of 'strcpy'
     1>..\..\host\src\processligand.cpp(321): warning C4996: 'strcpy': This function or variable may be unsafe. Consider using strcpy_s instead. To disable deprecation, use _CRT_SECURE_NO_WARNINGS. See online help for details.
                 D:\VisualStudioUltimate2013\VC\include\string.h(112) : see declaration of 'strcpy'
     1>..\..\host\src\processligand.cpp(322): warning C4996: 'strcpy': This function or variable may be unsafe. Consider using strcpy_s instead. To disable deprecation, use _CRT_SECURE_NO_WARNINGS. See online help for details.
                 D:\VisualStudioUltimate2013\VC\include\string.h(112) : see declaration of 'strcpy'
     1>..\..\host\src\processligand.cpp(323): warning C4996: 'strcpy': This function or variable may be unsafe. Consider using strcpy_s instead. To disable deprecation, use _CRT_SECURE_NO_WARNINGS. See online help for details.
                 D:\VisualStudioUltimate2013\VC\include\string.h(112) : see declaration of 'strcpy'
     1>..\..\host\src\processligand.cpp(324): warning C4996: 'strcpy': This function or variable may be unsafe. Consider using strcpy_s instead. To disable deprecation, use _CRT_SECURE_NO_WARNINGS. See online help for details.
                 D:\VisualStudioUltimate2013\VC\include\string.h(112) : see declaration of 'strcpy'
     1>..\..\host\src\processligand.cpp(325): warning C4996: 'strcpy': This function or variable may be unsafe. Consider using strcpy_s instead. To disable deprecation, use _CRT_SECURE_NO_WARNINGS. See online help for details.
                 D:\VisualStudioUltimate2013\VC\include\string.h(112) : see declaration of 'strcpy'
     1>..\..\host\src\processligand.cpp(326): warning C4996: 'strcpy': This function or variable may be unsafe. Consider using strcpy_s instead. To disable deprecation, use _CRT_SECURE_NO_WARNINGS. See online help for details.
                 D:\VisualStudioUltimate2013\VC\include\string.h(112) : see declaration of 'strcpy'
     1>..\..\host\src\processligand.cpp(327): warning C4996: 'strcpy': This function or variable may be unsafe. Consider using strcpy_s instead. To disable deprecation, use _CRT_SECURE_NO_WARNINGS. See online help for details.
                 D:\VisualStudioUltimate2013\VC\include\string.h(112) : see declaration of 'strcpy'
     1>..\..\host\src\processligand.cpp(387): warning C4244: '=' : conversion from 'double' to 'int', possible loss of data
     1>..\..\host\src\processligand.cpp(396): warning C4996: 'stricmp': The POSIX name for this item is deprecated. Instead, use the ISO C++ conformant name: _stricmp. See online help for details.
                 D:\VisualStudioUltimate2013\VC\include\string.h(253) : see declaration of 'stricmp'
     1>..\..\host\src\processligand.cpp(403): warning C4244: '=' : conversion from 'double' to 'int', possible loss of data
     1>..\..\host\src\processligand.cpp(412): warning C4996: 'stricmp': The POSIX name for this item is deprecated. Instead, use the ISO C++ conformant name: _stricmp. See online help for details.
                 D:\VisualStudioUltimate2013\VC\include\string.h(253) : see declaration of 'stricmp'
     1>..\..\host\src\processligand.cpp(499): warning C4996: 'strcpy': This function or variable may be unsafe. Consider using strcpy_s instead. To disable deprecation, use _CRT_SECURE_NO_WARNINGS. See online help for details.
                 D:\VisualStudioUltimate2013\VC\include\string.h(112) : see declaration of 'strcpy'
     1>..\..\host\src\processligand.cpp(500): warning C4996: 'strcpy': This function or variable may be unsafe. Consider using strcpy_s instead. To disable deprecation, use _CRT_SECURE_NO_WARNINGS. See online help for details.
                 D:\VisualStudioUltimate2013\VC\include\string.h(112) : see declaration of 'strcpy'
     1>..\..\host\src\processligand.cpp(501): warning C4996: 'strcpy': This function or variable may be unsafe. Consider using strcpy_s instead. To disable deprecation, use _CRT_SECURE_NO_WARNINGS. See online help for details.
                 D:\VisualStudioUltimate2013\VC\include\string.h(112) : see declaration of 'strcpy'
     1>..\..\host\src\processligand.cpp(502): warning C4996: 'strcpy': This function or variable may be unsafe. Consider using strcpy_s instead. To disable deprecation, use _CRT_SECURE_NO_WARNINGS. See online help for details.
                 D:\VisualStudioUltimate2013\VC\include\string.h(112) : see declaration of 'strcpy'
     1>..\..\host\src\processligand.cpp(503): warning C4996: 'strcpy': This function or variable may be unsafe. Consider using strcpy_s instead. To disable deprecation, use _CRT_SECURE_NO_WARNINGS. See online help for details.
                 D:\VisualStudioUltimate2013\VC\include\string.h(112) : see declaration of 'strcpy'
     1>..\..\host\src\processligand.cpp(504): warning C4996: 'strcpy': This function or variable may be unsafe. Consider using strcpy_s instead. To disable deprecation, use _CRT_SECURE_NO_WARNINGS. See online help for details.
                 D:\VisualStudioUltimate2013\VC\include\string.h(112) : see declaration of 'strcpy'
     1>..\..\host\src\processligand.cpp(505): warning C4996: 'strcpy': This function or variable may be unsafe. Consider using strcpy_s instead. To disable deprecation, use _CRT_SECURE_NO_WARNINGS. See online help for details.
                 D:\VisualStudioUltimate2013\VC\include\string.h(112) : see declaration of 'strcpy'
     1>..\..\host\src\processligand.cpp(506): warning C4996: 'strcpy': This function or variable may be unsafe. Consider using strcpy_s instead. To disable deprecation, use _CRT_SECURE_NO_WARNINGS. See online help for details.
                 D:\VisualStudioUltimate2013\VC\include\string.h(112) : see declaration of 'strcpy'
     1>..\..\host\src\processligand.cpp(507): warning C4996: 'strcpy': This function or variable may be unsafe. Consider using strcpy_s instead. To disable deprecation, use _CRT_SECURE_NO_WARNINGS. See online help for details.
                 D:\VisualStudioUltimate2013\VC\include\string.h(112) : see declaration of 'strcpy'
     1>..\..\host\src\processligand.cpp(508): warning C4996: 'strcpy': This function or variable may be unsafe. Consider using strcpy_s instead. To disable deprecation, use _CRT_SECURE_NO_WARNINGS. See online help for details.
                 D:\VisualStudioUltimate2013\VC\include\string.h(112) : see declaration of 'strcpy'
     1>..\..\host\src\processligand.cpp(509): warning C4996: 'strcpy': This function or variable may be unsafe. Consider using strcpy_s instead. To disable deprecation, use _CRT_SECURE_NO_WARNINGS. See online help for details.
                 D:\VisualStudioUltimate2013\VC\include\string.h(112) : see declaration of 'strcpy'
     1>..\..\host\src\processligand.cpp(510): warning C4996: 'strcpy': This function or variable may be unsafe. Consider using strcpy_s instead. To disable deprecation, use _CRT_SECURE_NO_WARNINGS. See online help for details.
                 D:\VisualStudioUltimate2013\VC\include\string.h(112) : see declaration of 'strcpy'
     1>..\..\host\src\processligand.cpp(511): warning C4996: 'strcpy': This function or variable may be unsafe. Consider using strcpy_s instead. To disable deprecation, use _CRT_SECURE_NO_WARNINGS. See online help for details.
                 D:\VisualStudioUltimate2013\VC\include\string.h(112) : see declaration of 'strcpy'
     1>..\..\host\src\processligand.cpp(512): warning C4996: 'strcpy': This function or variable may be unsafe. Consider using strcpy_s instead. To disable deprecation, use _CRT_SECURE_NO_WARNINGS. See online help for details.
                 D:\VisualStudioUltimate2013\VC\include\string.h(112) : see declaration of 'strcpy'
     1>..\..\host\src\processligand.cpp(513): warning C4996: 'strcpy': This function or variable may be unsafe. Consider using strcpy_s instead. To disable deprecation, use _CRT_SECURE_NO_WARNINGS. See online help for details.
                 D:\VisualStudioUltimate2013\VC\include\string.h(112) : see declaration of 'strcpy'
     1>..\..\host\src\processligand.cpp(514): warning C4996: 'strcpy': This function or variable may be unsafe. Consider using strcpy_s instead. To disable deprecation, use _CRT_SECURE_NO_WARNINGS. See online help for details.
                 D:\VisualStudioUltimate2013\VC\include\string.h(112) : see declaration of 'strcpy'
     1>..\..\host\src\processligand.cpp(515): warning C4996: 'strcpy': This function or variable may be unsafe. Consider using strcpy_s instead. To disable deprecation, use _CRT_SECURE_NO_WARNINGS. See online help for details.
                 D:\VisualStudioUltimate2013\VC\include\string.h(112) : see declaration of 'strcpy'
     1>..\..\host\src\processligand.cpp(516): warning C4996: 'strcpy': This function or variable may be unsafe. Consider using strcpy_s instead. To disable deprecation, use _CRT_SECURE_NO_WARNINGS. See online help for details.
                 D:\VisualStudioUltimate2013\VC\include\string.h(112) : see declaration of 'strcpy'
     1>..\..\host\src\processligand.cpp(517): warning C4996: 'strcpy': This function or variable may be unsafe. Consider using strcpy_s instead. To disable deprecation, use _CRT_SECURE_NO_WARNINGS. See online help for details.
                 D:\VisualStudioUltimate2013\VC\include\string.h(112) : see declaration of 'strcpy'
     1>..\..\host\src\processligand.cpp(518): warning C4996: 'strcpy': This function or variable may be unsafe. Consider using strcpy_s instead. To disable deprecation, use _CRT_SECURE_NO_WARNINGS. See online help for details.
                 D:\VisualStudioUltimate2013\VC\include\string.h(112) : see declaration of 'strcpy'
     1>..\..\host\src\processligand.cpp(519): warning C4996: 'strcpy': This function or variable may be unsafe. Consider using strcpy_s instead. To disable deprecation, use _CRT_SECURE_NO_WARNINGS. See online help for details.
                 D:\VisualStudioUltimate2013\VC\include\string.h(112) : see declaration of 'strcpy'
     1>..\..\host\src\processligand.cpp(520): warning C4996: 'strcpy': This function or variable may be unsafe. Consider using strcpy_s instead. To disable deprecation, use _CRT_SECURE_NO_WARNINGS. See online help for details.
                 D:\VisualStudioUltimate2013\VC\include\string.h(112) : see declaration of 'strcpy'
     1>..\..\host\src\processligand.cpp(531): warning C4996: 'stricmp': The POSIX name for this item is deprecated. Instead, use the ISO C++ conformant name: _stricmp. See online help for details.
                 D:\VisualStudioUltimate2013\VC\include\string.h(253) : see declaration of 'stricmp'
     1>..\..\host\src\processligand.cpp(537): warning C4996: 'stricmp': The POSIX name for this item is deprecated. Instead, use the ISO C++ conformant name: _stricmp. See online help for details.
                 D:\VisualStudioUltimate2013\VC\include\string.h(253) : see declaration of 'stricmp'
     1>..\..\host\src\processligand.cpp(581): warning C4996: 'stricmp': The POSIX name for this item is deprecated. Instead, use the ISO C++ conformant name: _stricmp. See online help for details.
                 D:\VisualStudioUltimate2013\VC\include\string.h(253) : see declaration of 'stricmp'
     1>..\..\host\src\processligand.cpp(667): warning C4996: 'fopen': This function or variable may be unsafe. Consider using fopen_s instead. To disable deprecation, use _CRT_SECURE_NO_WARNINGS. See online help for details.
                 D:\VisualStudioUltimate2013\VC\include\stdio.h(211) : see declaration of 'fopen'
     1>..\..\host\src\processligand.cpp(676): warning C4996: 'fscanf': This function or variable may be unsafe. Consider using fscanf_s instead. To disable deprecation, use _CRT_SECURE_NO_WARNINGS. See online help for details.
                 D:\VisualStudioUltimate2013\VC\include\stdio.h(230) : see declaration of 'fscanf'
     1>..\..\host\src\processligand.cpp(690): warning C4996: 'fscanf': This function or variable may be unsafe. Consider using fscanf_s instead. To disable deprecation, use _CRT_SECURE_NO_WARNINGS. See online help for details.
                 D:\VisualStudioUltimate2013\VC\include\stdio.h(230) : see declaration of 'fscanf'
     1>..\..\host\src\processligand.cpp(691): warning C4996: 'fscanf': This function or variable may be unsafe. Consider using fscanf_s instead. To disable deprecation, use _CRT_SECURE_NO_WARNINGS. See online help for details.
                 D:\VisualStudioUltimate2013\VC\include\stdio.h(230) : see declaration of 'fscanf'
     1>..\..\host\src\processligand.cpp(692): warning C4996: 'fscanf': This function or variable may be unsafe. Consider using fscanf_s instead. To disable deprecation, use _CRT_SECURE_NO_WARNINGS. See online help for details.
                 D:\VisualStudioUltimate2013\VC\include\stdio.h(230) : see declaration of 'fscanf'
     1>..\..\host\src\processligand.cpp(693): warning C4996: 'fscanf': This function or variable may be unsafe. Consider using fscanf_s instead. To disable deprecation, use _CRT_SECURE_NO_WARNINGS. See online help for details.
                 D:\VisualStudioUltimate2013\VC\include\stdio.h(230) : see declaration of 'fscanf'
     1>..\..\host\src\processligand.cpp(694): warning C4996: 'fscanf': This function or variable may be unsafe. Consider using fscanf_s instead. To disable deprecation, use _CRT_SECURE_NO_WARNINGS. See online help for details.
                 D:\VisualStudioUltimate2013\VC\include\stdio.h(230) : see declaration of 'fscanf'
     1>..\..\host\src\processligand.cpp(695): warning C4996: 'fscanf': This function or variable may be unsafe. Consider using fscanf_s instead. To disable deprecation, use _CRT_SECURE_NO_WARNINGS. See online help for details.
                 D:\VisualStudioUltimate2013\VC\include\stdio.h(230) : see declaration of 'fscanf'
     1>..\..\host\src\processligand.cpp(696): warning C4996: 'fscanf': This function or variable may be unsafe. Consider using fscanf_s instead. To disable deprecation, use _CRT_SECURE_NO_WARNINGS. See online help for details.
                 D:\VisualStudioUltimate2013\VC\include\stdio.h(230) : see declaration of 'fscanf'
     1>..\..\host\src\processligand.cpp(714): warning C4996: 'fopen': This function or variable may be unsafe. Consider using fopen_s instead. To disable deprecation, use _CRT_SECURE_NO_WARNINGS. See online help for details.
                 D:\VisualStudioUltimate2013\VC\include\stdio.h(211) : see declaration of 'fopen'
     1>..\..\host\src\processligand.cpp(729): warning C4996: 'fscanf': This function or variable may be unsafe. Consider using fscanf_s instead. To disable deprecation, use _CRT_SECURE_NO_WARNINGS. See online help for details.
                 D:\VisualStudioUltimate2013\VC\include\stdio.h(230) : see declaration of 'fscanf'
     1>..\..\host\src\processligand.cpp(756): warning C4996: 'fscanf': This function or variable may be unsafe. Consider using fscanf_s instead. To disable deprecation, use _CRT_SECURE_NO_WARNINGS. See online help for details.
                 D:\VisualStudioUltimate2013\VC\include\stdio.h(230) : see declaration of 'fscanf'
     1>..\..\host\src\processligand.cpp(757): warning C4996: 'fscanf': This function or variable may be unsafe. Consider using fscanf_s instead. To disable deprecation, use _CRT_SECURE_NO_WARNINGS. See online help for details.
                 D:\VisualStudioUltimate2013\VC\include\stdio.h(230) : see declaration of 'fscanf'
     1>..\..\host\src\processligand.cpp(771): warning C4996: 'fscanf': This function or variable may be unsafe. Consider using fscanf_s instead. To disable deprecation, use _CRT_SECURE_NO_WARNINGS. See online help for details.
                 D:\VisualStudioUltimate2013\VC\include\stdio.h(230) : see declaration of 'fscanf'
     1>..\..\host\src\processligand.cpp(772): warning C4996: 'fscanf': This function or variable may be unsafe. Consider using fscanf_s instead. To disable deprecation, use _CRT_SECURE_NO_WARNINGS. See online help for details.
                 D:\VisualStudioUltimate2013\VC\include\stdio.h(230) : see declaration of 'fscanf'
     1>..\..\host\src\processligand.cpp(828): warning C4996: 'fopen': This function or variable may be unsafe. Consider using fopen_s instead. To disable deprecation, use _CRT_SECURE_NO_WARNINGS. See online help for details.
                 D:\VisualStudioUltimate2013\VC\include\stdio.h(211) : see declaration of 'fopen'
     1>..\..\host\src\processligand.cpp(835): warning C4996: 'fopen': This function or variable may be unsafe. Consider using fopen_s instead. To disable deprecation, use _CRT_SECURE_NO_WARNINGS. See online help for details.
                 D:\VisualStudioUltimate2013\VC\include\stdio.h(211) : see declaration of 'fopen'
     1>..\..\host\src\processligand.cpp(845): warning C4996: 'sscanf': This function or variable may be unsafe. Consider using sscanf_s instead. To disable deprecation, use _CRT_SECURE_NO_WARNINGS. See online help for details.
                 D:\VisualStudioUltimate2013\VC\include\stdio.h(304) : see declaration of 'sscanf'
     1>..\..\host\src\processligand.cpp(857): warning C4996: 'sprintf': This function or variable may be unsafe. Consider using sprintf_s instead. To disable deprecation, use _CRT_SECURE_NO_WARNINGS. See online help for details.
                 D:\VisualStudioUltimate2013\VC\include\stdio.h(356) : see declaration of 'sprintf'
     1>..\..\host\src\processligand.cpp(1061): warning C4305: 'initializing' : truncation from 'double' to 'const float'
     1>..\..\host\src\processligand.cpp(1066): warning C4305: '+=' : truncation from 'double' to 'float'
     1>..\..\host\src\processligand.cpp(1070): warning C4244: '=' : conversion from 'double' to 'float', possible loss of data
     1>..\..\host\src\processligand.cpp(1087): warning C4244: '=' : conversion from 'const double' to 'float', possible loss of data
     1>..\..\host\src\processligand.cpp(1090): warning C4244: '=' : conversion from 'double' to 'float', possible loss of data
     1>..\..\host\src\processligand.cpp(1208): warning C4244: '=' : conversion from 'const double' to 'int', possible loss of data
     1>..\..\host\src\processligand.cpp(1209): warning C4244: '=' : conversion from 'const double' to 'float', possible loss of data
     1>..\..\host\src\processligand.cpp(1210): warning C4244: '=' : conversion from 'const double' to 'float', possible loss of data
     1>..\..\host\src\processligand.cpp(1211): warning C4244: '=' : conversion from 'const double' to 'float', possible loss of data
     1>..\..\host\src\processligand.cpp(1212): warning C4244: '=' : conversion from 'const double' to 'float', possible loss of data
     1>..\..\host\src\processligand.cpp(1412): warning C4244: '=' : conversion from 'const double' to 'int', possible loss of data
     1>..\..\host\src\processligand.cpp(1413): warning C4244: '=' : conversion from 'const double' to 'float', possible loss of data
     1>..\..\host\src\processligand.cpp(1414): warning C4244: '=' : conversion from 'const double' to 'float', possible loss of data
     1>..\..\host\src\processligand.cpp(1415): warning C4244: '=' : conversion from 'const double' to 'float', possible loss of data
     1>..\..\host\src\processligand.cpp(1416): warning C4244: '=' : conversion from 'const double' to 'float', possible loss of data
     1>..\..\host\src\processligand.cpp(1652): warning C4244: '=' : conversion from 'double' to 'float', possible loss of data
     1>..\..\host\src\processligand.cpp(1671): warning C4244: '=' : conversion from 'const double' to 'int', possible loss of data
     1>..\..\host\src\processligand.cpp(1672): warning C4244: '=' : conversion from 'const double' to 'int', possible loss of data
     1>..\..\host\src\processligand.cpp(1680): warning C4244: '=' : conversion from 'const double' to 'float', possible loss of data
     1>..\..\host\src\processligand.cpp(1681): warning C4244: '=' : conversion from 'const double' to 'float', possible loss of data
     1>..\..\host\src\processligand.cpp(1687): warning C4244: '=' : conversion from 'const double' to 'float', possible loss of data
     1>..\..\host\src\processligand.cpp(1688): warning C4244: '=' : conversion from 'const double' to 'float', possible loss of data
     1>..\..\host\src\processligand.cpp(1693): warning C4244: '=' : conversion from 'const double' to 'float', possible loss of data
     1>..\..\host\src\processligand.cpp(1694): warning C4244: '=' : conversion from 'const double' to 'float', possible loss of data
     1>..\..\host\src\processligand.cpp(1695): warning C4244: '=' : conversion from 'const double' to 'float', possible loss of data
     1>..\..\host\src\processligand.cpp(1696): warning C4244: '=' : conversion from 'const double' to 'float', possible loss of data
         processgrid.cpp
     1>..\..\host\src\processgrid.cpp(33): warning C4996: 'strdup': The POSIX name for this item is deprecated. Instead, use the ISO C++ conformant name: _strdup. See online help for details.
                 D:\VisualStudioUltimate2013\VC\include\string.h(245) : see declaration of 'strdup'
     1>..\..\host\src\processgrid.cpp(36): warning C4996: '_splitpath': This function or variable may be unsafe. Consider using _splitpath_s instead. To disable deprecation, use _CRT_SECURE_NO_WARNINGS. See online help for details.
                 D:\VisualStudioUltimate2013\VC\include\stdlib.h(854) : see declaration of '_splitpath'
     1>..\..\host\src\processgrid.cpp(39): warning C4996: 'strcpy': This function or variable may be unsafe. Consider using strcpy_s instead. To disable deprecation, use _CRT_SECURE_NO_WARNINGS. See online help for details.
                 D:\VisualStudioUltimate2013\VC\include\string.h(112) : see declaration of 'strcpy'
     1>..\..\host\src\processgrid.cpp(40): warning C4996: 'strcpy': This function or variable may be unsafe. Consider using strcpy_s instead. To disable deprecation, use _CRT_SECURE_NO_WARNINGS. See online help for details.
                 D:\VisualStudioUltimate2013\VC\include\string.h(112) : see declaration of 'strcpy'
     1>..\..\host\src\processgrid.cpp(48): warning C4996: 'fopen': This function or variable may be unsafe. Consider using fopen_s instead. To disable deprecation, use _CRT_SECURE_NO_WARNINGS. See online help for details.
                 D:\VisualStudioUltimate2013\VC\include\stdio.h(211) : see declaration of 'fopen'
     1>..\..\host\src\processgrid.cpp(55): warning C4996: 'fscanf': This function or variable may be unsafe. Consider using fscanf_s instead. To disable deprecation, use _CRT_SECURE_NO_WARNINGS. See online help for details.
                 D:\VisualStudioUltimate2013\VC\include\stdio.h(230) : see declaration of 'fscanf'
     1>..\..\host\src\processgrid.cpp(63): warning C4996: 'fscanf': This function or variable may be unsafe. Consider using fscanf_s instead. To disable deprecation, use _CRT_SECURE_NO_WARNINGS. See online help for details.
                 D:\VisualStudioUltimate2013\VC\include\stdio.h(230) : see declaration of 'fscanf'
     1>..\..\host\src\processgrid.cpp(74): warning C4996: 'fscanf': This function or variable may be unsafe. Consider using fscanf_s instead. To disable deprecation, use _CRT_SECURE_NO_WARNINGS. See online help for details.
                 D:\VisualStudioUltimate2013\VC\include\stdio.h(230) : see declaration of 'fscanf'
     1>..\..\host\src\processgrid.cpp(91): warning C4996: 'fscanf': This function or variable may be unsafe. Consider using fscanf_s instead. To disable deprecation, use _CRT_SECURE_NO_WARNINGS. See online help for details.
                 D:\VisualStudioUltimate2013\VC\include\stdio.h(230) : see declaration of 'fscanf'
     1>..\..\host\src\processgrid.cpp(97): warning C4996: 'fscanf': This function or variable may be unsafe. Consider using fscanf_s instead. To disable deprecation, use _CRT_SECURE_NO_WARNINGS. See online help for details.
                 D:\VisualStudioUltimate2013\VC\include\stdio.h(230) : see declaration of 'fscanf'
     1>..\..\host\src\processgrid.cpp(98): warning C4267: '=' : conversion from 'size_t' to 'int', possible loss of data
     1>..\..\host\src\processgrid.cpp(100): warning C4996: 'strcpy': This function or variable may be unsafe. Consider using strcpy_s instead. To disable deprecation, use _CRT_SECURE_NO_WARNINGS. See online help for details.
                 D:\VisualStudioUltimate2013\VC\include\string.h(112) : see declaration of 'strcpy'
     1>..\..\host\src\processgrid.cpp(154): warning C4996: 'strcpy': This function or variable may be unsafe. Consider using strcpy_s instead. To disable deprecation, use _CRT_SECURE_NO_WARNINGS. See online help for details.
                 D:\VisualStudioUltimate2013\VC\include\string.h(112) : see declaration of 'strcpy'
     1>..\..\host\src\processgrid.cpp(155): warning C4996: 'strcat': This function or variable may be unsafe. Consider using strcat_s instead. To disable deprecation, use _CRT_SECURE_NO_WARNINGS. See online help for details.
                 D:\VisualStudioUltimate2013\VC\include\string.h(118) : see declaration of 'strcat'
     1>..\..\host\src\processgrid.cpp(156): warning C4996: 'strcat': This function or variable may be unsafe. Consider using strcat_s instead. To disable deprecation, use _CRT_SECURE_NO_WARNINGS. See online help for details.
                 D:\VisualStudioUltimate2013\VC\include\string.h(118) : see declaration of 'strcat'
     1>..\..\host\src\processgrid.cpp(161): warning C4996: 'strcat': This function or variable may be unsafe. Consider using strcat_s instead. To disable deprecation, use _CRT_SECURE_NO_WARNINGS. See online help for details.
                 D:\VisualStudioUltimate2013\VC\include\string.h(118) : see declaration of 'strcat'
     1>..\..\host\src\processgrid.cpp(162): warning C4996: 'strcat': This function or variable may be unsafe. Consider using strcat_s instead. To disable deprecation, use _CRT_SECURE_NO_WARNINGS. See online help for details.
                 D:\VisualStudioUltimate2013\VC\include\string.h(118) : see declaration of 'strcat'
     1>..\..\host\src\processgrid.cpp(163): warning C4996: 'strcat': This function or variable may be unsafe. Consider using strcat_s instead. To disable deprecation, use _CRT_SECURE_NO_WARNINGS. See online help for details.
                 D:\VisualStudioUltimate2013\VC\include\string.h(118) : see declaration of 'strcat'
     1>..\..\host\src\processgrid.cpp(164): warning C4996: 'fopen': This function or variable may be unsafe. Consider using fopen_s instead. To disable deprecation, use _CRT_SECURE_NO_WARNINGS. See online help for details.
                 D:\VisualStudioUltimate2013\VC\include\stdio.h(211) : see declaration of 'fopen'
     1>..\..\host\src\processgrid.cpp(172): warning C4996: 'fscanf': This function or variable may be unsafe. Consider using fscanf_s instead. To disable deprecation, use _CRT_SECURE_NO_WARNINGS. See online help for details.
                 D:\VisualStudioUltimate2013\VC\include\stdio.h(230) : see declaration of 'fscanf'
     1>..\..\host\src\processgrid.cpp(174): warning C4996: 'fscanf': This function or variable may be unsafe. Consider using fscanf_s instead. To disable deprecation, use _CRT_SECURE_NO_WARNINGS. See online help for details.
                 D:\VisualStudioUltimate2013\VC\include\stdio.h(230) : see declaration of 'fscanf'
     1>..\..\host\src\processgrid.cpp(175): warning C4996: 'fscanf': This function or variable may be unsafe. Consider using fscanf_s instead. To disable deprecation, use _CRT_SECURE_NO_WARNINGS. See online help for details.
                 D:\VisualStudioUltimate2013\VC\include\stdio.h(230) : see declaration of 'fscanf'
     1>..\..\host\src\processgrid.cpp(176): warning C4996: 'fscanf': This function or variable may be unsafe. Consider using fscanf_s instead. To disable deprecation, use _CRT_SECURE_NO_WARNINGS. See online help for details.
                 D:\VisualStudioUltimate2013\VC\include\stdio.h(230) : see declaration of 'fscanf'
     1>..\..\host\src\processgrid.cpp(183): warning C4996: 'fscanf': This function or variable may be unsafe. Consider using fscanf_s instead. To disable deprecation, use _CRT_SECURE_NO_WARNINGS. See online help for details.
                 D:\VisualStudioUltimate2013\VC\include\stdio.h(230) : see declaration of 'fscanf'
         performdocking.cpp
     1>..\..\host\src\performdocking.cpp(210): warning C4244: 'argument' : conversion from 'time_t' to 'unsigned int', possible loss of data
         miscellaneous.cpp
         main.cpp
     1>..\..\host\src\main.cpp(73): warning C4244: 'argument' : conversion from 'double' to 'const float', possible loss of data
     1>..\..\host\src\main.cpp(25): warning C4101: 'clock_stop_program' : unreferenced local variable
         getparameters.cpp
     1>..\..\host\src\getparameters.cpp(58): warning C4996: 'strcpy': This function or variable may be unsafe. Consider using strcpy_s instead. To disable deprecation, use _CRT_SECURE_NO_WARNINGS. See online help for details.
                 D:\VisualStudioUltimate2013\VC\include\string.h(112) : see declaration of 'strcpy'
     1>..\..\host\src\getparameters.cpp(65): warning C4996: 'strcpy': This function or variable may be unsafe. Consider using strcpy_s instead. To disable deprecation, use _CRT_SECURE_NO_WARNINGS. See online help for details.
                 D:\VisualStudioUltimate2013\VC\include\string.h(112) : see declaration of 'strcpy'
     1>..\..\host\src\getparameters.cpp(73): warning C4996: 'sscanf': This function or variable may be unsafe. Consider using sscanf_s instead. To disable deprecation, use _CRT_SECURE_NO_WARNINGS. See online help for details.
                 D:\VisualStudioUltimate2013\VC\include\stdio.h(304) : see declaration of 'sscanf'
     1>..\..\host\src\getparameters.cpp(127): warning C4244: '=' : conversion from 'double' to 'float', possible loss of data
     1>..\..\host\src\getparameters.cpp(134): warning C4305: '=' : truncation from 'double' to 'float'
     1>..\..\host\src\getparameters.cpp(135): warning C4244: '=' : conversion from 'double' to 'float', possible loss of data
     1>..\..\host\src\getparameters.cpp(136): warning C4244: '=' : conversion from 'double' to 'float', possible loss of data
     1>..\..\host\src\getparameters.cpp(152): warning C4996: 'strcpy': This function or variable may be unsafe. Consider using strcpy_s instead. To disable deprecation, use _CRT_SECURE_NO_WARNINGS. See online help for details.
                 D:\VisualStudioUltimate2013\VC\include\string.h(112) : see declaration of 'strcpy'
     1>..\..\host\src\getparameters.cpp(166): warning C4996: 'sscanf': This function or variable may be unsafe. Consider using sscanf_s instead. To disable deprecation, use _CRT_SECURE_NO_WARNINGS. See online help for details.
                 D:\VisualStudioUltimate2013\VC\include\stdio.h(304) : see declaration of 'sscanf'
     1>..\..\host\src\getparameters.cpp(178): warning C4996: 'sscanf': This function or variable may be unsafe. Consider using sscanf_s instead. To disable deprecation, use _CRT_SECURE_NO_WARNINGS. See online help for details.
                 D:\VisualStudioUltimate2013\VC\include\stdio.h(304) : see declaration of 'sscanf'
     1>..\..\host\src\getparameters.cpp(191): warning C4996: 'sscanf': This function or variable may be unsafe. Consider using sscanf_s instead. To disable deprecation, use _CRT_SECURE_NO_WARNINGS. See online help for details.
                 D:\VisualStudioUltimate2013\VC\include\stdio.h(304) : see declaration of 'sscanf'
     1>..\..\host\src\getparameters.cpp(194): warning C4244: '=' : conversion from 'double' to 'float', possible loss of data
     1>..\..\host\src\getparameters.cpp(204): warning C4996: 'sscanf': This function or variable may be unsafe. Consider using sscanf_s instead. To disable deprecation, use _CRT_SECURE_NO_WARNINGS. See online help for details.
                 D:\VisualStudioUltimate2013\VC\include\stdio.h(304) : see declaration of 'sscanf'
     1>..\..\host\src\getparameters.cpp(218): warning C4996: 'sscanf': This function or variable may be unsafe. Consider using sscanf_s instead. To disable deprecation, use _CRT_SECURE_NO_WARNINGS. See online help for details.
                 D:\VisualStudioUltimate2013\VC\include\stdio.h(304) : see declaration of 'sscanf'
     1>..\..\host\src\getparameters.cpp(231): warning C4996: 'sscanf': This function or variable may be unsafe. Consider using sscanf_s instead. To disable deprecation, use _CRT_SECURE_NO_WARNINGS. See online help for details.
                 D:\VisualStudioUltimate2013\VC\include\stdio.h(304) : see declaration of 'sscanf'
     1>..\..\host\src\getparameters.cpp(244): warning C4996: 'sscanf': This function or variable may be unsafe. Consider using sscanf_s instead. To disable deprecation, use _CRT_SECURE_NO_WARNINGS. See online help for details.
                 D:\VisualStudioUltimate2013\VC\include\stdio.h(304) : see declaration of 'sscanf'
     1>..\..\host\src\getparameters.cpp(261): warning C4996: 'sscanf': This function or variable may be unsafe. Consider using sscanf_s instead. To disable deprecation, use _CRT_SECURE_NO_WARNINGS. See online help for details.
                 D:\VisualStudioUltimate2013\VC\include\stdio.h(304) : see declaration of 'sscanf'
     1>..\..\host\src\getparameters.cpp(275): warning C4996: 'sscanf': This function or variable may be unsafe. Consider using sscanf_s instead. To disable deprecation, use _CRT_SECURE_NO_WARNINGS. See online help for details.
                 D:\VisualStudioUltimate2013\VC\include\stdio.h(304) : see declaration of 'sscanf'
     1>..\..\host\src\getparameters.cpp(288): warning C4996: 'sscanf': This function or variable may be unsafe. Consider using sscanf_s instead. To disable deprecation, use _CRT_SECURE_NO_WARNINGS. See online help for details.
                 D:\VisualStudioUltimate2013\VC\include\stdio.h(304) : see declaration of 'sscanf'
     1>..\..\host\src\getparameters.cpp(291): warning C4244: '=' : conversion from 'double' to 'float', possible loss of data
     1>..\..\host\src\getparameters.cpp(301): warning C4996: 'sscanf': This function or variable may be unsafe. Consider using sscanf_s instead. To disable deprecation, use _CRT_SECURE_NO_WARNINGS. See online help for details.
                 D:\VisualStudioUltimate2013\VC\include\stdio.h(304) : see declaration of 'sscanf'
     1>..\..\host\src\getparameters.cpp(304): warning C4244: '=' : conversion from 'double' to 'float', possible loss of data
     1>..\..\host\src\getparameters.cpp(314): warning C4996: 'sscanf': This function or variable may be unsafe. Consider using sscanf_s instead. To disable deprecation, use _CRT_SECURE_NO_WARNINGS. See online help for details.
                 D:\VisualStudioUltimate2013\VC\include\stdio.h(304) : see declaration of 'sscanf'
     1>..\..\host\src\getparameters.cpp(327): warning C4996: 'sscanf': This function or variable may be unsafe. Consider using sscanf_s instead. To disable deprecation, use _CRT_SECURE_NO_WARNINGS. See online help for details.
                 D:\VisualStudioUltimate2013\VC\include\stdio.h(304) : see declaration of 'sscanf'
     1>..\..\host\src\getparameters.cpp(340): warning C4996: 'sscanf': This function or variable may be unsafe. Consider using sscanf_s instead. To disable deprecation, use _CRT_SECURE_NO_WARNINGS. See online help for details.
                 D:\VisualStudioUltimate2013\VC\include\stdio.h(304) : see declaration of 'sscanf'
     1>..\..\host\src\getparameters.cpp(353): warning C4996: 'sscanf': This function or variable may be unsafe. Consider using sscanf_s instead. To disable deprecation, use _CRT_SECURE_NO_WARNINGS. See online help for details.
                 D:\VisualStudioUltimate2013\VC\include\stdio.h(304) : see declaration of 'sscanf'
     1>..\..\host\src\getparameters.cpp(366): warning C4996: 'sscanf': This function or variable may be unsafe. Consider using sscanf_s instead. To disable deprecation, use _CRT_SECURE_NO_WARNINGS. See online help for details.
                 D:\VisualStudioUltimate2013\VC\include\stdio.h(304) : see declaration of 'sscanf'
     1>..\..\host\src\getparameters.cpp(371): warning C4244: '=' : conversion from 'long' to 'char', possible loss of data
     1>..\..\host\src\getparameters.cpp(400): warning C4996: 'sscanf': This function or variable may be unsafe. Consider using sscanf_s instead. To disable deprecation, use _CRT_SECURE_NO_WARNINGS. See online help for details.
                 D:\VisualStudioUltimate2013\VC\include\stdio.h(304) : see declaration of 'sscanf'
     1>..\..\host\src\getparameters.cpp(413): warning C4996: 'sscanf': This function or variable may be unsafe. Consider using sscanf_s instead. To disable deprecation, use _CRT_SECURE_NO_WARNINGS. See online help for details.
                 D:\VisualStudioUltimate2013\VC\include\stdio.h(304) : see declaration of 'sscanf'
     1>..\..\host\src\getparameters.cpp(439): warning C4996: 'sscanf': This function or variable may be unsafe. Consider using sscanf_s instead. To disable deprecation, use _CRT_SECURE_NO_WARNINGS. See online help for details.
                 D:\VisualStudioUltimate2013\VC\include\stdio.h(304) : see declaration of 'sscanf'
     1>..\..\host\src\getparameters.cpp(452): warning C4996: 'sscanf': This function or variable may be unsafe. Consider using sscanf_s instead. To disable deprecation, use _CRT_SECURE_NO_WARNINGS. See online help for details.
                 D:\VisualStudioUltimate2013\VC\include\stdio.h(304) : see declaration of 'sscanf'
     1>..\..\host\src\getparameters.cpp(465): warning C4996: 'sscanf': This function or variable may be unsafe. Consider using sscanf_s instead. To disable deprecation, use _CRT_SECURE_NO_WARNINGS. See online help for details.
                 D:\VisualStudioUltimate2013\VC\include\stdio.h(304) : see declaration of 'sscanf'
     1>..\..\host\src\getparameters.cpp(477): warning C4996: 'strcpy': This function or variable may be unsafe. Consider using strcpy_s instead. To disable deprecation, use _CRT_SECURE_NO_WARNINGS. See online help for details.
                 D:\VisualStudioUltimate2013\VC\include\string.h(112) : see declaration of 'strcpy'
     1>..\..\host\src\getparameters.cpp(485): warning C4996: 'sscanf': This function or variable may be unsafe. Consider using sscanf_s instead. To disable deprecation, use _CRT_SECURE_NO_WARNINGS. See online help for details.
                 D:\VisualStudioUltimate2013\VC\include\stdio.h(304) : see declaration of 'sscanf'
     1>..\..\host\src\getparameters.cpp(498): warning C4996: 'sscanf': This function or variable may be unsafe. Consider using sscanf_s instead. To disable deprecation, use _CRT_SECURE_NO_WARNINGS. See online help for details.
                 D:\VisualStudioUltimate2013\VC\include\stdio.h(304) : see declaration of 'sscanf'
     1>..\..\host\src\getparameters.cpp(512): warning C4018: '<' : signed/unsigned mismatch
     1>..\..\host\src\getparameters.cpp(559): warning C4996: 'fopen': This function or variable may be unsafe. Consider using fopen_s instead. To disable deprecation, use _CRT_SECURE_NO_WARNINGS. See online help for details.
                 D:\VisualStudioUltimate2013\VC\include\stdio.h(211) : see declaration of 'fopen'
     1>..\..\host\src\getparameters.cpp(569): warning C4996: 'fscanf': This function or variable may be unsafe. Consider using fscanf_s instead. To disable deprecation, use _CRT_SECURE_NO_WARNINGS. See online help for details.
                 D:\VisualStudioUltimate2013\VC\include\stdio.h(230) : see declaration of 'fscanf'
     1>..\..\host\src\getparameters.cpp(572): warning C4996: 'fscanf': This function or variable may be unsafe. Consider using fscanf_s instead. To disable deprecation, use _CRT_SECURE_NO_WARNINGS. See online help for details.
                 D:\VisualStudioUltimate2013\VC\include\stdio.h(230) : see declaration of 'fscanf'
     1>..\..\host\src\getparameters.cpp(573): warning C4996: 'fscanf': This function or variable may be unsafe. Consider using fscanf_s instead. To disable deprecation, use _CRT_SECURE_NO_WARNINGS. See online help for details.
                 D:\VisualStudioUltimate2013\VC\include\stdio.h(230) : see declaration of 'fscanf'
     1>..\..\host\src\getparameters.cpp(574): warning C4996: 'fscanf': This function or variable may be unsafe. Consider using fscanf_s instead. To disable deprecation, use _CRT_SECURE_NO_WARNINGS. See online help for details.
                 D:\VisualStudioUltimate2013\VC\include\stdio.h(230) : see declaration of 'fscanf'
     1>..\..\host\src\getparameters.cpp(586): warning C4018: '<' : signed/unsigned mismatch
     1>..\..\host\src\getparameters.cpp(591): warning C4244: '=' : conversion from 'const double' to 'float', possible loss of data
     1>..\..\host\src\getparameters.cpp(594): warning C4018: '<' : signed/unsigned mismatch
     1>..\..\host\src\getparameters.cpp(600): warning C4244: '=' : conversion from 'double' to 'float', possible loss of data
     1>..\..\host\src\getparameters.cpp(607): warning C4244: '=' : conversion from 'double' to 'float', possible loss of data
     1>..\..\host\src\getparameters.cpp(616): warning C4244: '=' : conversion from 'double' to 'float', possible loss of data
     1>..\..\host\src\getparameters.cpp(617): warning C4244: '=' : conversion from 'double' to 'float', possible loss of data
     1>..\..\host\src\getparameters.cpp(618): warning C4244: '=' : conversion from 'double' to 'float', possible loss of data
     1>..\..\host\src\getparameters.cpp(622): warning C4996: 'fopen': This function or variable may be unsafe. Consider using fopen_s instead. To disable deprecation, use _CRT_SECURE_NO_WARNINGS. See online help for details.
                 D:\VisualStudioUltimate2013\VC\include\stdio.h(211) : see declaration of 'fopen'
     1>..\..\host\src\getparameters.cpp(643): warning C4018: '<' : signed/unsigned mismatch
     1>..\..\host\src\getparameters.cpp(645): warning C4244: '=' : conversion from 'const double' to 'float', possible loss of data
     1>..\..\host\src\getparameters.cpp(665): warning C4018: '<' : signed/unsigned mismatch
     1>..\..\host\src\getparameters.cpp(541): warning C4101: 'init_orientation' : unreferenced local variable
     1>..\..\host\src\getparameters.cpp(538): warning C4101: 'gen_seeds' : unreferenced local variable
         calcenergy.cpp
     1>..\..\host\src\calcenergy.cpp(167): warning C4244: '=' : conversion from 'double' to 'float', possible loss of data
     1>..\..\host\src\calcenergy.cpp(168): warning C4244: '=' : conversion from 'double' to 'float', possible loss of data
     1>..\..\host\src\calcenergy.cpp(181): warning C4244: '=' : conversion from 'double' to 'float', possible loss of data
     1>..\..\host\src\calcenergy.cpp(182): warning C4244: '=' : conversion from 'double' to 'float', possible loss of data
     1>..\..\host\src\calcenergy.cpp(183): warning C4244: '=' : conversion from 'double' to 'float', possible loss of data
     1>..\..\host\src\calcenergy.cpp(190): warning C4244: '=' : conversion from 'double' to 'float', possible loss of data
     1>..\..\host\src\calcenergy.cpp(191): warning C4244: '=' : conversion from 'double' to 'float', possible loss of data
     1>..\..\host\src\calcenergy.cpp(196): warning C4018: '<' : signed/unsigned mismatch
         Generating Code...
       Link:
         D:\VisualStudioUltimate2013\VC\bin\x86_amd64\link.exe /ERRORREPORT:PROMPT /OUT:"C:\Users\L30nardoSV\Desktop\ocladock-final\win\ocladock-win\x64\ocladock-cpu-deb\ocladock-win.exe" /INCREMENTAL /NOLOGO /LIBPATH:"C:\Program Files (x86)\Intel\OpenCL SDK\6.3\\lib\x64" OpenCL.lib kernel32.lib user32.lib gdi32.lib winspool.lib comdlg32.lib advapi32.lib shell32.lib ole32.lib oleaut32.lib uuid.lib odbc32.lib odbccp32.lib /MANIFEST /MANIFESTUAC:"level='asInvoker' uiAccess='false'" /manifest:embed /DEBUG /PDB:"C:\Users\L30nardoSV\Desktop\ocladock-final\win\ocladock-win\x64\ocladock-cpu-deb\ocladock-win.pdb" /SUBSYSTEM:CONSOLE /TLBID:1 /DYNAMICBASE /NXCOMPAT /IMPLIB:"C:\Users\L30nardoSV\Desktop\ocladock-final\win\ocladock-win\x64\ocladock-cpu-deb\ocladock-win.lib" /MACHINE:X64 "x64\ocladock-cpu-deb\calcenergy.obj"
         "x64\ocladock-cpu-deb\getparameters.obj"
         "x64\ocladock-cpu-deb\main.obj"
         "x64\ocladock-cpu-deb\miscellaneous.obj"
         "x64\ocladock-cpu-deb\performdocking.obj"
         "x64\ocladock-cpu-deb\processgrid.obj"
         "x64\ocladock-cpu-deb\processligand.obj"
         "x64\ocladock-cpu-deb\processresult.obj"
         "x64\ocladock-cpu-deb\BufferObjects.obj"
         "x64\ocladock-cpu-deb\CommandQueues.obj"
         "x64\ocladock-cpu-deb\Contexts.obj"
         "x64\ocladock-cpu-deb\Devices.obj"
         "x64\ocladock-cpu-deb\ImportBinary.obj"
         "x64\ocladock-cpu-deb\ImportSource.obj"
         "x64\ocladock-cpu-deb\Kernels.obj"
         "x64\ocladock-cpu-deb\listAttributes.obj"
         "x64\ocladock-cpu-deb\Platforms.obj"
         "x64\ocladock-cpu-deb\Programs.obj"
         ocladock-win.vcxproj -> C:\Users\L30nardoSV\Desktop\ocladock-final\win\ocladock-win\x64\ocladock-cpu-deb\ocladock-win.exe
     1>Done Building Project "C:\Users\L30nardoSV\Desktop\ocladock-final\win\ocladock-win\ocladock-win.vcxproj" (Rebuild target(s)).

Build succeeded.

Time Elapsed 00:00:03.54
