c:\users\l30nardosv\desktop\ocladock-final\win\ocladock-win\x64\ocladock-gpu-deb\vc120.pdb
c:\users\l30nardosv\desktop\ocladock-final\win\ocladock-win\x64\ocladock-gpu-deb\vc120.idb
c:\users\l30nardosv\desktop\ocladock-final\win\ocladock-win\x64\ocladock-gpu-deb\calcenergy.obj
c:\users\l30nardosv\desktop\ocladock-final\win\ocladock-win\x64\ocladock-gpu-deb\getparameters.obj
c:\users\l30nardosv\desktop\ocladock-final\win\ocladock-win\x64\ocladock-gpu-deb\main.obj
c:\users\l30nardosv\desktop\ocladock-final\win\ocladock-win\x64\ocladock-gpu-deb\miscellaneous.obj
c:\users\l30nardosv\desktop\ocladock-final\win\ocladock-win\x64\ocladock-gpu-deb\performdocking.obj
c:\users\l30nardosv\desktop\ocladock-final\win\ocladock-win\x64\ocladock-gpu-deb\processgrid.obj
c:\users\l30nardosv\desktop\ocladock-final\win\ocladock-win\x64\ocladock-gpu-deb\processligand.obj
c:\users\l30nardosv\desktop\ocladock-final\win\ocladock-win\x64\ocladock-gpu-deb\processresult.obj
c:\users\l30nardosv\desktop\ocladock-final\win\ocladock-win\x64\ocladock-gpu-deb\bufferobjects.obj
c:\users\l30nardosv\desktop\ocladock-final\win\ocladock-win\x64\ocladock-gpu-deb\commandqueues.obj
c:\users\l30nardosv\desktop\ocladock-final\win\ocladock-win\x64\ocladock-gpu-deb\contexts.obj
c:\users\l30nardosv\desktop\ocladock-final\win\ocladock-win\x64\ocladock-gpu-deb\devices.obj
c:\users\l30nardosv\desktop\ocladock-final\win\ocladock-win\x64\ocladock-gpu-deb\importbinary.obj
c:\users\l30nardosv\desktop\ocladock-final\win\ocladock-win\x64\ocladock-gpu-deb\importsource.obj
c:\users\l30nardosv\desktop\ocladock-final\win\ocladock-win\x64\ocladock-gpu-deb\kernels.obj
c:\users\l30nardosv\desktop\ocladock-final\win\ocladock-win\x64\ocladock-gpu-deb\listattributes.obj
c:\users\l30nardosv\desktop\ocladock-final\win\ocladock-win\x64\ocladock-gpu-deb\platforms.obj
c:\users\l30nardosv\desktop\ocladock-final\win\ocladock-win\x64\ocladock-gpu-deb\programs.obj
c:\users\l30nardosv\desktop\ocladock-final\win\ocladock-win\x64\ocladock-gpu-deb\ocladock-win.ilk
c:\users\l30nardosv\desktop\ocladock-final\win\ocladock-win\x64\ocladock-gpu-deb\ocladock-win.exe
c:\users\l30nardosv\desktop\ocladock-final\win\ocladock-win\x64\ocladock-gpu-deb\ocladock-win.pdb
c:\users\l30nardosv\desktop\ocladock-final\win\ocladock-win\x64\ocladock-gpu-deb\ocladock-win.tlog\cl.command.1.tlog
c:\users\l30nardosv\desktop\ocladock-final\win\ocladock-win\x64\ocladock-gpu-deb\ocladock-win.tlog\cl.read.1.tlog
c:\users\l30nardosv\desktop\ocladock-final\win\ocladock-win\x64\ocladock-gpu-deb\ocladock-win.tlog\cl.write.1.tlog
c:\users\l30nardosv\desktop\ocladock-final\win\ocladock-win\x64\ocladock-gpu-deb\ocladock-win.tlog\link.command.1.tlog
c:\users\l30nardosv\desktop\ocladock-final\win\ocladock-win\x64\ocladock-gpu-deb\ocladock-win.tlog\link.read.1.tlog
c:\users\l30nardosv\desktop\ocladock-final\win\ocladock-win\x64\ocladock-gpu-deb\ocladock-win.tlog\link.write.1.tlog
